<?xml version="1.0" encoding="UTF-8"?>
<!-- Generated by org.testng.reporters.JUnitReportReporter -->
<testsuite hostname="sangameshs-MacBook-Air.local" failures="0" tests="1" name="opencart.test.Login" time="14.294" errors="0" timestamp="2025-05-28T22:55:45 IST" skipped="0">
  <testcase classname="opencart.test.Login" name="userLogin" time="14.294"/>
</testsuite> <!-- opencart.test.Login -->
