<?xml version="1.0" encoding="UTF-8"?>
<!-- Generated by org.testng.reporters.JUnitReportReporter -->
<testsuite hostname="sangameshs-MacBook-Air.local" failures="0" tests="1" name="opencart.test.AddProducts" time="14.824" errors="0" timestamp="2025-06-21T18:42:45 IST" skipped="0">
  <testcase classname="opencart.test.AddProducts" name="addNewProducts" time="14.824"/>
</testsuite> <!-- opencart.test.AddProducts -->
