<?xml version="1.0" encoding="UTF-8"?>
<!-- Generated by org.testng.reporters.JUnitReportReporter -->
<testsuite hostname="sangameshs-MacBook-Air.local" failures="0" tests="1" name="testPacjkage.Login" time="15.480" errors="0" timestamp="2025-05-28T22:33:32 IST" skipped="0">
  <testcase classname="testPacjkage.Login" name="userLogin" time="15.480"/>
</testsuite> <!-- testPacjkage.Login -->
