<?xml version="1.0" encoding="UTF-8"?>
<!-- Generated by org.testng.reporters.JUnitReportReporter -->
<testsuite hostname="sangameshs-MacBook-Air.local" failures="0" tests="1" name="opencart.test.LogintoOpenCart" time="9.869" errors="0" timestamp="2025-06-16T19:38:45 IST" skipped="0">
  <testcase classname="opencart.test.LogintoOpenCart" name="userLogin" time="9.869"/>
</testsuite> <!-- opencart.test.LogintoOpenCart -->
